<?xml version="1.0" encoding="utf-8"?><testsuites name="pytest tests"><testsuite name="pytest" errors="0" failures="0" skipped="0" tests="35" time="11.482" timestamp="2026-03-05T18:14:43.190939+00:00" hostname="agent-env-6e84c21f-2581-4e59-8052-0a5fdfdf0fe6"><testcase classname="backend.tests.test_api" name="test_health_check" time="0.148" /><testcase classname="backend.tests.test_api.TestAuth" name="test_login_admin" time="0.340" /><testcase classname="backend.tests.test_api.TestAuth" name="test_login_exec" time="0.358" /><testcase classname="backend.tests.test_api.TestAuth" name="test_login_manager" time="0.345" /><testcase classname="backend.tests.test_api.TestAuth" name="test_login_product_owner" time="0.341" /><testcase classname="backend.tests.test_api.TestAuth" name="test_login_business_partner" time="0.336" /><testcase classname="backend.tests.test_api.TestAuth" name="test_login_invalid_credentials" time="0.115" /><testcase classname="backend.tests.test_api.TestAuth" name="test_get_me" time="0.400" /><testcase classname="backend.tests.test_api.TestAuth" name="test_me_unauthenticated" time="0.114" /><testcase classname="backend.tests.test_api.TestAuth" name="test_register_new_user" time="0.336" /><testcase classname="backend.tests.test_api.TestDimensionsAndQuestions" name="test_get_dimensions" time="0.104" /><testcase classname="backend.tests.test_api.TestDimensionsAndQuestions" name="test_dimensions_have_correct_fields" time="0.156" /><testcase classname="backend.tests.test_api.TestDimensionsAndQuestions" name="test_get_questions" time="0.096" /><testcase classname="backend.tests.test_api.TestDimensionsAndQuestions" name="test_get_questions_by_dimension" time="0.155" /><testcase classname="backend.tests.test_api.TestCycles" name="test_get_active_cycle" time="0.116" /><testcase classname="backend.tests.test_api.TestCycles" name="test_get_all_cycles" time="0.159" /><testcase classname="backend.tests.test_api.TestAssignments" name="test_po_my_assignments" time="0.373" /><testcase classname="backend.tests.test_api.TestAssignments" name="test_manager_my_assignments" time="0.412" /><testcase classname="backend.tests.test_api.TestAssignments" name="test_partner_my_assignments" time="0.395" /><testcase classname="backend.tests.test_api.TestAssignments" name="test_admin_all_assignments" time="0.418" /><testcase classname="backend.tests.test_api.TestScorecards" name="test_get_all_scorecards" time="0.407" /><testcase classname="backend.tests.test_api.TestScorecards" name="test_scorecard_fields" time="0.391" /><testcase classname="backend.tests.test_api.TestScorecards" name="test_my_scorecard_po" time="0.433" /><testcase classname="backend.tests.test_api.TestScorecards" name="test_scorecard_maturity_bands_valid" time="0.384" /><testcase classname="backend.tests.test_api.TestManager" name="test_manager_team" time="0.414" /><testcase classname="backend.tests.test_api.TestManager" name="test_non_manager_cannot_access_team" time="0.482" /><testcase classname="backend.tests.test_api.TestExecutive" name="test_executive_summary" time="0.449" /><testcase classname="backend.tests.test_api.TestExecutive" name="test_executive_heatmap" time="0.391" /><testcase classname="backend.tests.test_api.TestExecutive" name="test_executive_summary_kpis" time="0.415" /><testcase classname="backend.tests.test_api.TestAdmin" name="test_admin_get_users" time="0.384" /><testcase classname="backend.tests.test_api.TestAdmin" name="test_admin_get_product_owners" time="0.432" /><testcase classname="backend.tests.test_api.TestAdmin" name="test_non_admin_cannot_access_users" time="0.392" /><testcase classname="backend.tests.test_api.TestExport" name="test_csv_export" time="0.378" /><testcase classname="backend.tests.test_api.TestExport" name="test_csv_export_non_admin_fails" time="0.407" /><testcase classname="backend.tests.test_api.TestExport" name="test_csv_export_exec_viewer_allowed" time="0.412" /></testsuite></testsuites>