<?xml version="1.0" encoding="utf-8"?><testsuites name="pytest tests"><testsuite name="pytest" errors="0" failures="0" skipped="0" tests="35" time="12.683" timestamp="2026-03-03T20:19:46.031065+00:00" hostname="agent-env-74b9c91b-6d43-4a96-9d08-4231845a9b9b"><testcase classname="backend.tests.test_api" name="test_health_check" time="0.166" /><testcase classname="backend.tests.test_api.TestAuth" name="test_login_admin" time="0.350" /><testcase classname="backend.tests.test_api.TestAuth" name="test_login_exec" time="0.333" /><testcase classname="backend.tests.test_api.TestAuth" name="test_login_manager" time="0.414" /><testcase classname="backend.tests.test_api.TestAuth" name="test_login_product_owner" time="0.364" /><testcase classname="backend.tests.test_api.TestAuth" name="test_login_business_partner" time="0.346" /><testcase classname="backend.tests.test_api.TestAuth" name="test_login_invalid_credentials" time="0.124" /><testcase classname="backend.tests.test_api.TestAuth" name="test_get_me" time="0.432" /><testcase classname="backend.tests.test_api.TestAuth" name="test_me_unauthenticated" time="0.160" /><testcase classname="backend.tests.test_api.TestAuth" name="test_register_new_user" time="0.343" /><testcase classname="backend.tests.test_api.TestDimensionsAndQuestions" name="test_get_dimensions" time="0.106" /><testcase classname="backend.tests.test_api.TestDimensionsAndQuestions" name="test_dimensions_have_correct_fields" time="0.113" /><testcase classname="backend.tests.test_api.TestDimensionsAndQuestions" name="test_get_questions" time="0.144" /><testcase classname="backend.tests.test_api.TestDimensionsAndQuestions" name="test_get_questions_by_dimension" time="0.113" /><testcase classname="backend.tests.test_api.TestCycles" name="test_get_active_cycle" time="0.107" /><testcase classname="backend.tests.test_api.TestCycles" name="test_get_all_cycles" time="0.117" /><testcase classname="backend.tests.test_api.TestAssignments" name="test_po_my_assignments" time="0.435" /><testcase classname="backend.tests.test_api.TestAssignments" name="test_manager_my_assignments" time="0.400" /><testcase classname="backend.tests.test_api.TestAssignments" name="test_partner_my_assignments" time="0.440" /><testcase classname="backend.tests.test_api.TestAssignments" name="test_admin_all_assignments" time="0.433" /><testcase classname="backend.tests.test_api.TestScorecards" name="test_get_all_scorecards" time="0.418" /><testcase classname="backend.tests.test_api.TestScorecards" name="test_scorecard_fields" time="0.436" /><testcase classname="backend.tests.test_api.TestScorecards" name="test_my_scorecard_po" time="0.410" /><testcase classname="backend.tests.test_api.TestScorecards" name="test_scorecard_maturity_bands_valid" time="0.470" /><testcase classname="backend.tests.test_api.TestManager" name="test_manager_team" time="0.418" /><testcase classname="backend.tests.test_api.TestManager" name="test_non_manager_cannot_access_team" time="0.419" /><testcase classname="backend.tests.test_api.TestExecutive" name="test_executive_summary" time="0.428" /><testcase classname="backend.tests.test_api.TestExecutive" name="test_executive_heatmap" time="0.437" /><testcase classname="backend.tests.test_api.TestExecutive" name="test_executive_summary_kpis" time="0.455" /><testcase classname="backend.tests.test_api.TestAdmin" name="test_admin_get_users" time="0.402" /><testcase classname="backend.tests.test_api.TestAdmin" name="test_admin_get_product_owners" time="0.442" /><testcase classname="backend.tests.test_api.TestAdmin" name="test_non_admin_cannot_access_users" time="0.434" /><testcase classname="backend.tests.test_api.TestExport" name="test_csv_export" time="0.436" /><testcase classname="backend.tests.test_api.TestExport" name="test_csv_export_non_admin_fails" time="1.112" /><testcase classname="backend.tests.test_api.TestExport" name="test_csv_export_exec_viewer_allowed" time="0.432" /></testsuite></testsuites>